OpenJDK 64-Bit Server VM warning: Sharing is only supported for boot loader classes because bootstrap classpath has been appended
INFO: found LLVMFuzzerCustomMutator (0x799b62b6fa00). Disabling -len_control by default.
INFO: Running with entropic power schedule (0xFF, 100).
INFO: Seed: 3563178171
INFO: Loaded 1 modules   (512 inline 8-bit counters): 512 [0x799b90c5e230, 0x799b90c5e430), 
INFO: Loaded 1 PC tables (512 PCs): 512 [0x799b909e3300,0x799b909e5300), 
INFO:        0 files found in /home/malakhov/kotlinx-fuzz/kotlinx-collections-immutable-fuzzing/.cifuzz-corpus/fuzz.PersistentHashMapBuilderTests/randomOpsVsHashMap
INFO:        0 files found in /home/malakhov/kotlinx-fuzz/kotlinx-collections-immutable-fuzzing/src/test/resources/fuzz/PersistentHashMapBuilderTestsInputs/randomOpsVsHashMap
INFO:        0 files found in /tmp/jazzer-java-seeds7884884673325424192
INFO: -max_len is not provided; libFuzzer will not generate inputs larger than 4096 bytes
INFO: A corpus is not provided, starting from an empty corpus
#2	INITED exec/s: 0 rss: 740Mb
WARNING: no interesting inputs were found so far. Is the code instrumented for coverage?
This may also happen if the target rejected all inputs we tried so far
#131072	pulse  corp: 1/1b lim: 1300 exec/s: 43690 rss: 740Mb
#262144	pulse  corp: 1/1b lim: 2611 exec/s: 37449 rss: 740Mb
#524288	pulse  corp: 1/1b lim: 4096 exec/s: 34952 rss: 740Mb
#1048576	pulse  corp: 1/1b lim: 4096 exec/s: 34952 rss: 740Mb
#2097152	pulse  corp: 1/1b lim: 4096 exec/s: 36792 rss: 740Mb
#4194304	pulse  corp: 1/1b lim: 4096 exec/s: 36157 rss: 740Mb
#8388608	pulse  corp: 1/1b lim: 4096 exec/s: 36631 rss: 740Mb
#16777216	pulse  corp: 1/1b lim: 4096 exec/s: 36873 rss: 740Mb
#33554432	pulse  corp: 1/1b lim: 4096 exec/s: 36913 rss: 740Mb
#67108864	pulse  corp: 1/1b lim: 4096 exec/s: 37138 rss: 740Mb
#134217728	pulse  corp: 1/1b lim: 4096 exec/s: 37097 rss: 740Mb
#268435456	pulse  corp: 1/1b lim: 4096 exec/s: 38640 rss: 740Mb
#278943052	DONE   corp: 1/1b lim: 4096 exec/s: 38736 rss: 740Mb
Done 278943052 runs in 7201 second(s)

FAILURE: Build failed with an exception.

* What went wrong:
Execution failed for task ':test'.
> A build operation failed.
      Could not write XML test results for fuzz.PersistentHashMapBuilderTests to file /home/malakhov/kotlinx-fuzz/kotlinx-collections-immutable-fuzzing/build/test-results/test/TEST-fuzz.PersistentHashMapBuilderTests.xml.
   > Could not write XML test results for fuzz.PersistentHashMapBuilderTests to file /home/malakhov/kotlinx-fuzz/kotlinx-collections-immutable-fuzzing/build/test-results/test/TEST-fuzz.PersistentHashMapBuilderTests.xml.

* Try:
> Run with --stacktrace option to get the stack trace.
> Run with --info or --debug option to get more log output.
> Run with --scan to get full insights.
> Get more help at https://help.gradle.org.

BUILD FAILED in 2h 33s
