OpenJDK 64-Bit Server VM warning: Sharing is only supported for boot loader classes because bootstrap classpath has been appended
INFO: found LLVMFuzzerCustomMutator (0x790152c6ea00). Disabling -len_control by default.
INFO: Running with entropic power schedule (0xFF, 100).
INFO: Seed: 3569570168
INFO: Loaded 1 modules   (512 inline 8-bit counters): 512 [0x7901ccca74b0, 0x7901ccca76b0), 
INFO: Loaded 1 PC tables (512 PCs): 512 [0x7901ccda74c0,0x7901ccda94c0), 
INFO:        0 files found in /home/malakhov/kotlinx-fuzz/kotlinx-collections-immutable-fuzzing/.cifuzz-corpus/fuzz.PersistentHashMapTests/randomOpsValidateInvariants
INFO:        0 files found in /home/malakhov/kotlinx-fuzz/kotlinx-collections-immutable-fuzzing/src/test/resources/fuzz/PersistentHashMapTestsInputs/randomOpsValidateInvariants
INFO:        0 files found in /tmp/jazzer-java-seeds11997304922493430381
INFO: -max_len is not provided; libFuzzer will not generate inputs larger than 4096 bytes
INFO: A corpus is not provided, starting from an empty corpus
#2	INITED exec/s: 0 rss: 756Mb
WARNING: no interesting inputs were found so far. Is the code instrumented for coverage?
This may also happen if the target rejected all inputs we tried so far
#131072	pulse  corp: 1/1b lim: 1300 exec/s: 65536 rss: 756Mb
#262144	pulse  corp: 1/1b lim: 2611 exec/s: 43690 rss: 756Mb
#524288	pulse  corp: 1/1b lim: 4096 exec/s: 37449 rss: 756Mb
#1048576	pulse  corp: 1/1b lim: 4096 exec/s: 38836 rss: 756Mb
#2097152	pulse  corp: 1/1b lim: 4096 exec/s: 41120 rss: 756Mb
#4194304	pulse  corp: 1/1b lim: 4096 exec/s: 41120 rss: 756Mb
#8388608	pulse  corp: 1/1b lim: 4096 exec/s: 41527 rss: 756Mb
#16777216	pulse  corp: 1/1b lim: 4096 exec/s: 41425 rss: 756Mb
#33554432	pulse  corp: 1/1b lim: 4096 exec/s: 41323 rss: 756Mb
#67108864	pulse  corp: 1/1b lim: 4096 exec/s: 41171 rss: 756Mb
#134217728	pulse  corp: 1/1b lim: 4096 exec/s: 41310 rss: 756Mb
#268435456	pulse  corp: 1/1b lim: 4096 exec/s: 42514 rss: 756Mb
#309090117	DONE   corp: 1/1b lim: 4096 exec/s: 42923 rss: 756Mb
Done 309090117 runs in 7201 second(s)

FAILURE: Build failed with an exception.

* What went wrong:
Execution failed for task ':test'.
> A build operation failed.
      Could not write XML test results for fuzz.PersistentHashMapTests to file /home/malakhov/kotlinx-fuzz/kotlinx-collections-immutable-fuzzing/build/test-results/test/TEST-fuzz.PersistentHashMapTests.xml.
   > Could not write XML test results for fuzz.PersistentHashMapTests to file /home/malakhov/kotlinx-fuzz/kotlinx-collections-immutable-fuzzing/build/test-results/test/TEST-fuzz.PersistentHashMapTests.xml.

* Try:
> Run with --stacktrace option to get the stack trace.
> Run with --info or --debug option to get more log output.
> Run with --scan to get full insights.
> Get more help at https://help.gradle.org.

BUILD FAILED in 2h 39s
