OpenJDK 64-Bit Server VM warning: Sharing is only supported for boot loader classes because bootstrap classpath has been appended
INFO: found LLVMFuzzerCustomMutator (0x70ec2f171a00). Disabling -len_control by default.
INFO: Running with entropic power schedule (0xFF, 100).
INFO: Seed: 3578651674
INFO: Loaded 1 modules   (512 inline 8-bit counters): 512 [0x70ec60bd4500, 0x70ec60bd4700), 
INFO: Loaded 1 PC tables (512 PCs): 512 [0x70ec60cd4510,0x70ec60cd6510), 
INFO:        0 files found in /home/malakhov/kotlinx-fuzz/kotlinx-collections-immutable-fuzzing/.cifuzz-corpus/fuzz.PersistentHashMapTests/randomOpsValidateBuilder
INFO:        1 files found in /home/malakhov/kotlinx-fuzz/kotlinx-collections-immutable-fuzzing/build/resources/test/fuzz/PersistentHashMapTestsInputs/randomOpsValidateBuilder
INFO:        0 files found in /tmp/jazzer-java-seeds1656842033665106688
INFO: -max_len is not provided; libFuzzer will not generate inputs larger than 4096 bytes
INFO: seed corpus: files: 1 min: 122b max: 122b total: 122b rss: 788Mb
#2	INITED exec/s: 0 rss: 788Mb
WARNING: no interesting inputs were found so far. Is the code instrumented for coverage?
This may also happen if the target rejected all inputs we tried so far
#65536	pulse  corp: 1/1b lim: 652 exec/s: 32768 rss: 788Mb
#131072	pulse  corp: 1/1b lim: 1300 exec/s: 43690 rss: 788Mb
#262144	pulse  corp: 1/1b lim: 2611 exec/s: 43690 rss: 788Mb
#524288	pulse  corp: 1/1b lim: 4096 exec/s: 43690 rss: 788Mb
#1048576	pulse  corp: 1/1b lim: 4096 exec/s: 45590 rss: 788Mb
#2097152	pulse  corp: 1/1b lim: 4096 exec/s: 45590 rss: 788Mb
#4194304	pulse  corp: 1/1b lim: 4096 exec/s: 45590 rss: 788Mb
#8388608	pulse  corp: 1/1b lim: 4096 exec/s: 44858 rss: 788Mb
#16777216	pulse  corp: 1/1b lim: 4096 exec/s: 44979 rss: 788Mb
#33554432	pulse  corp: 1/1b lim: 4096 exec/s: 45160 rss: 788Mb
#67108864	pulse  corp: 1/1b lim: 4096 exec/s: 45374 rss: 788Mb
#134217728	pulse  corp: 1/1b lim: 4096 exec/s: 45206 rss: 788Mb
#268435456	pulse  corp: 1/1b lim: 4096 exec/s: 46385 rss: 788Mb
#338684192	DONE   corp: 1/1b lim: 4096 exec/s: 47032 rss: 788Mb
Done 338684192 runs in 7201 second(s)

FAILURE: Build failed with an exception.

* What went wrong:
Execution failed for task ':test'.
> A build operation failed.
      Could not write XML test results for fuzz.PersistentHashMapTests to file /home/malakhov/kotlinx-fuzz/kotlinx-collections-immutable-fuzzing/build/test-results/test/TEST-fuzz.PersistentHashMapTests.xml.
   > Could not write XML test results for fuzz.PersistentHashMapTests to file /home/malakhov/kotlinx-fuzz/kotlinx-collections-immutable-fuzzing/build/test-results/test/TEST-fuzz.PersistentHashMapTests.xml.

* Try:
> Run with --stacktrace option to get the stack trace.
> Run with --info or --debug option to get more log output.
> Run with --scan to get full insights.
> Get more help at https://help.gradle.org.

BUILD FAILED in 2h 48s
