OpenJDK 64-Bit Server VM warning: Sharing is only supported for boot loader classes because bootstrap classpath has been appended
INFO: found LLVMFuzzerCustomMutator (0x73220a971a00). Disabling -len_control by default.
INFO: Running with entropic power schedule (0xFF, 100).
INFO: Seed: 3577715722
INFO: Loaded 1 modules   (512 inline 8-bit counters): 512 [0x732284c7b360, 0x732284c7b560), 
INFO: Loaded 1 PC tables (512 PCs): 512 [0x732284689e70,0x73228468be70), 
INFO:        0 files found in /home/malakhov/kotlinx-fuzz/kotlinx-collections-immutable-fuzzing/.cifuzz-corpus/fuzz.PersistentHashMapTests/randomOpsValidateReplay
INFO:        1 files found in /home/malakhov/kotlinx-fuzz/kotlinx-collections-immutable-fuzzing/build/resources/test/fuzz/PersistentHashMapTestsInputs/randomOpsValidateReplay
INFO:        0 files found in /tmp/jazzer-java-seeds12836829879082853688
INFO: -max_len is not provided; libFuzzer will not generate inputs larger than 4096 bytes
INFO: seed corpus: files: 1 min: 2b max: 2b total: 2b rss: 787Mb
#2	INITED exec/s: 0 rss: 787Mb
WARNING: no interesting inputs were found so far. Is the code instrumented for coverage?
This may also happen if the target rejected all inputs we tried so far
#65536	pulse  corp: 1/1b lim: 652 exec/s: 32768 rss: 787Mb
#131072	pulse  corp: 1/1b lim: 1300 exec/s: 26214 rss: 787Mb
#262144	pulse  corp: 1/1b lim: 2611 exec/s: 32768 rss: 787Mb
#524288	pulse  corp: 1/1b lim: 4096 exec/s: 37449 rss: 787Mb
#1048576	pulse  corp: 1/1b lim: 4096 exec/s: 36157 rss: 787Mb
#2097152	pulse  corp: 1/1b lim: 4096 exec/s: 35544 rss: 787Mb
#4194304	pulse  corp: 1/1b lim: 4096 exec/s: 35544 rss: 787Mb
#8388608	pulse  corp: 1/1b lim: 4096 exec/s: 35394 rss: 787Mb
#16777216	pulse  corp: 1/1b lim: 4096 exec/s: 35469 rss: 787Mb
#33554432	pulse  corp: 1/1b lim: 4096 exec/s: 35582 rss: 787Mb
#67108864	pulse  corp: 1/1b lim: 4096 exec/s: 35507 rss: 787Mb
#134217728	pulse  corp: 1/1b lim: 4096 exec/s: 35385 rss: 787Mb
#267444477	DONE   corp: 1/1b lim: 4096 exec/s: 37139 rss: 787Mb
Done 267444477 runs in 7201 second(s)

FAILURE: Build failed with an exception.

* What went wrong:
Execution failed for task ':test'.
> A build operation failed.
      Could not write XML test results for fuzz.PersistentHashMapTests to file /home/malakhov/kotlinx-fuzz/kotlinx-collections-immutable-fuzzing/build/test-results/test/TEST-fuzz.PersistentHashMapTests.xml.
   > Could not write XML test results for fuzz.PersistentHashMapTests to file /home/malakhov/kotlinx-fuzz/kotlinx-collections-immutable-fuzzing/build/test-results/test/TEST-fuzz.PersistentHashMapTests.xml.

* Try:
> Run with --stacktrace option to get the stack trace.
> Run with --info or --debug option to get more log output.
> Run with --scan to get full insights.
> Get more help at https://help.gradle.org.

BUILD FAILED in 2h 47s
