OpenJDK 64-Bit Server VM warning: Sharing is only supported for boot loader classes because bootstrap classpath has been appended
INFO: found LLVMFuzzerCustomMutator (0x738610571a00). Disabling -len_control by default.
INFO: Running with entropic power schedule (0xFF, 100).
INFO: Seed: 3568440068
INFO: Loaded 1 modules   (512 inline 8-bit counters): 512 [0x73863cd06c90, 0x73863cd06e90), 
INFO: Loaded 1 PC tables (512 PCs): 512 [0x73863caa22c0,0x73863caa42c0), 
INFO:        0 files found in /home/malakhov/kotlinx-fuzz/kotlinx-collections-immutable-fuzzing/.cifuzz-corpus/fuzz.PersistentOrderedMapTests/randomOpsValidateBuilder
INFO:        1 files found in /home/malakhov/kotlinx-fuzz/kotlinx-collections-immutable-fuzzing/build/resources/test/fuzz/PersistentOrderedMapTestsInputs/randomOpsValidateBuilder
INFO:        0 files found in /tmp/jazzer-java-seeds6214569972088254147
INFO: -max_len is not provided; libFuzzer will not generate inputs larger than 4096 bytes
INFO: seed corpus: files: 1 min: 3b max: 3b total: 3b rss: 773Mb
#2	INITED exec/s: 0 rss: 773Mb
WARNING: no interesting inputs were found so far. Is the code instrumented for coverage?
This may also happen if the target rejected all inputs we tried so far
#131072	pulse  corp: 1/1b lim: 1300 exec/s: 65536 rss: 773Mb
#262144	pulse  corp: 1/1b lim: 2611 exec/s: 52428 rss: 773Mb
#524288	pulse  corp: 1/1b lim: 4096 exec/s: 40329 rss: 773Mb
#1048576	pulse  corp: 1/1b lim: 4096 exec/s: 43690 rss: 773Mb
#2097152	pulse  corp: 1/1b lim: 4096 exec/s: 44620 rss: 773Mb
#4194304	pulse  corp: 1/1b lim: 4096 exec/s: 44620 rss: 773Mb
#8388608	pulse  corp: 1/1b lim: 4096 exec/s: 44150 rss: 773Mb
#16777216	pulse  corp: 1/1b lim: 4096 exec/s: 43351 rss: 773Mb
#33554432	pulse  corp: 1/1b lim: 4096 exec/s: 43351 rss: 773Mb
#67108864	pulse  corp: 1/1b lim: 4096 exec/s: 43633 rss: 773Mb
#134217728	pulse  corp: 1/1b lim: 4096 exec/s: 43619 rss: 773Mb
#268435456	pulse  corp: 1/1b lim: 4096 exec/s: 44784 rss: 773Mb
#327027507	DONE   corp: 1/1b lim: 4096 exec/s: 45414 rss: 773Mb
Done 327027507 runs in 7201 second(s)

FAILURE: Build failed with an exception.

* What went wrong:
Execution failed for task ':test'.
> A build operation failed.
      Could not write XML test results for fuzz.PersistentOrderedMapTests to file /home/malakhov/kotlinx-fuzz/kotlinx-collections-immutable-fuzzing/build/test-results/test/TEST-fuzz.PersistentOrderedMapTests.xml.
   > Could not write XML test results for fuzz.PersistentOrderedMapTests to file /home/malakhov/kotlinx-fuzz/kotlinx-collections-immutable-fuzzing/build/test-results/test/TEST-fuzz.PersistentOrderedMapTests.xml.

* Try:
> Run with --stacktrace option to get the stack trace.
> Run with --info or --debug option to get more log output.
> Run with --scan to get full insights.
> Get more help at https://help.gradle.org.

BUILD FAILED in 2h 38s
