OpenJDK 64-Bit Server VM warning: Sharing is only supported for boot loader classes because bootstrap classpath has been appended
INFO: found LLVMFuzzerCustomMutator (0x7c48012fba00). Disabling -len_control by default.
INFO: Running with entropic power schedule (0xFF, 100).
INFO: Seed: 4286174378
INFO: Loaded 3 modules   (2048 inline 8-bit counters): 512 [0x7c4834b8b390, 0x7c4834b8b590), 512 [0x7c4834b8b590, 0x7c4834b8b790), 1024 [0x7c4834b8b790, 0x7c4834b8bb90), 
INFO: Loaded 3 PC tables (2048 PCs): 512 [0x7c4834b09070,0x7c4834b0b070), 512 [0x7c48345db3a0,0x7c48345dd3a0), 1024 [0x7c4834a9cc90,0x7c4834aa0c90), 
INFO:        0 files found in /home/malakhov/kotlinx-fuzz/kotlinx-datetime-fuzzing/.cifuzz-corpus/fuzz.LocalDateTimeTests/parseCheckExceptions
INFO:        0 files found in /home/malakhov/kotlinx-fuzz/kotlinx-datetime-fuzzing/build/resources/test/fuzz/LocalDateTimeTestsInputs/parseCheckExceptions
INFO:        0 files found in /tmp/jazzer-java-seeds7291040493531623425
INFO: -max_len is not provided; libFuzzer will not generate inputs larger than 4096 bytes
INFO: A corpus is not provided, starting from an empty corpus
#2	INITED cov: 11 ft: 11 corp: 1/1b exec/s: 0 rss: 1495Mb
#131072	pulse  cov: 11 ft: 11 corp: 1/1b lim: 1300 exec/s: 65536 rss: 1499Mb
#262144	pulse  cov: 11 ft: 11 corp: 1/1b lim: 2611 exec/s: 65536 rss: 1500Mb
#524288	pulse  cov: 11 ft: 11 corp: 1/1b lim: 4096 exec/s: 74898 rss: 1500Mb
#1048576	pulse  cov: 11 ft: 11 corp: 1/1b lim: 4096 exec/s: 69905 rss: 1500Mb
#2097152	pulse  cov: 11 ft: 11 corp: 1/1b lim: 4096 exec/s: 53773 rss: 1512Mb
#4194304	pulse  cov: 11 ft: 11 corp: 1/1b lim: 4096 exec/s: 59918 rss: 1512Mb
#8388608	pulse  cov: 11 ft: 11 corp: 1/1b lim: 4096 exec/s: 53773 rss: 1512Mb
#16777216	pulse  cov: 11 ft: 11 corp: 1/1b lim: 4096 exec/s: 50686 rss: 1512Mb
#33554432	pulse  cov: 11 ft: 11 corp: 1/1b lim: 4096 exec/s: 48841 rss: 1512Mb
#67108864	pulse  cov: 11 ft: 11 corp: 1/1b lim: 4096 exec/s: 46603 rss: 1512Mb
#134217728	pulse  cov: 11 ft: 11 corp: 1/1b lim: 4096 exec/s: 44442 rss: 1512Mb
#268435456	pulse  cov: 11 ft: 11 corp: 1/1b lim: 4096 exec/s: 42561 rss: 1512Mb
#303552902	DONE   cov: 11 ft: 11 corp: 1/1b lim: 4096 exec/s: 42154 rss: 1512Mb
Done 303552902 runs in 7201 second(s)

FAILURE: Build failed with an exception.

* What went wrong:
Execution failed for task ':test'.
> A build operation failed.
      Could not write XML test results for fuzz.LocalDateTimeTests to file /home/malakhov/kotlinx-fuzz/kotlinx-datetime-fuzzing/build/test-results/test/TEST-fuzz.LocalDateTimeTests.xml.
   > Could not write XML test results for fuzz.LocalDateTimeTests to file /home/malakhov/kotlinx-fuzz/kotlinx-datetime-fuzzing/build/test-results/test/TEST-fuzz.LocalDateTimeTests.xml.

* Try:
> Run with --stacktrace option to get the stack trace.
> Run with --info or --debug option to get more log output.
> Run with --scan to get full insights.
> Get more help at https://help.gradle.org.

BUILD FAILED in 2h 48s
