OpenJDK 64-Bit Server VM warning: Sharing is only supported for boot loader classes because bootstrap classpath has been appended
INFO: found LLVMFuzzerCustomMutator (0x75ef8536da00). Disabling -len_control by default.
INFO: Running with entropic power schedule (0xFF, 100).
INFO: Seed: 2924436948
INFO: Loaded 3 modules   (2048 inline 8-bit counters): 512 [0x75efb8aec230, 0x75efb8aec430), 512 [0x75efb8aec430, 0x75efb8aec630), 1024 [0x75efb8aec630, 0x75efb8aeca30), 
INFO: Loaded 3 PC tables (2048 PCs): 512 [0x75efb8a758c0,0x75efb8a778c0), 512 [0x75efb8c1ad00,0x75efb8c1cd00), 1024 [0x75efb8d2afe0,0x75efb8d2efe0), 
INFO:        0 files found in /home/malakhov/kotlinx-fuzz/kotlinx-datetime-fuzzing/.cifuzz-corpus/fuzz.LocalDateTests/parseVsJava
INFO:        0 files found in /home/malakhov/kotlinx-fuzz/kotlinx-datetime-fuzzing/build/resources/test/fuzz/LocalDateTestsInputs/parseVsJava
INFO:        0 files found in /tmp/jazzer-java-seeds13200123176052636880
INFO: -max_len is not provided; libFuzzer will not generate inputs larger than 4096 bytes
INFO: A corpus is not provided, starting from an empty corpus
#2	INITED cov: 12 ft: 12 corp: 1/1b exec/s: 0 rss: 1429Mb
#65536	pulse  cov: 12 ft: 12 corp: 1/1b lim: 652 exec/s: 21845 rss: 1434Mb
#131072	pulse  cov: 12 ft: 12 corp: 1/1b lim: 1300 exec/s: 21845 rss: 1434Mb
#262144	pulse  cov: 12 ft: 12 corp: 1/1b lim: 2611 exec/s: 21845 rss: 1434Mb
#524288	pulse  cov: 12 ft: 12 corp: 1/1b lim: 4096 exec/s: 20164 rss: 1434Mb
#1048576	pulse  cov: 12 ft: 12 corp: 1/1b lim: 4096 exec/s: 20560 rss: 1434Mb
#2097152	pulse  cov: 12 ft: 12 corp: 1/1b lim: 4096 exec/s: 26214 rss: 1452Mb
#4194304	pulse  cov: 12 ft: 12 corp: 1/1b lim: 4096 exec/s: 33288 rss: 1452Mb
#8388608	pulse  cov: 12 ft: 12 corp: 1/1b lim: 4096 exec/s: 34952 rss: 1452Mb
#16777216	pulse  cov: 12 ft: 12 corp: 1/1b lim: 4096 exec/s: 36551 rss: 1452Mb
#33554432	pulse  cov: 12 ft: 12 corp: 1/1b lim: 4096 exec/s: 38304 rss: 1452Mb
#67108864	pulse  cov: 12 ft: 12 corp: 1/1b lim: 4096 exec/s: 38065 rss: 1452Mb
#134217728	pulse  cov: 12 ft: 12 corp: 1/1b lim: 4096 exec/s: 36802 rss: 1452Mb
#261066897	DONE   cov: 12 ft: 12 corp: 1/1b lim: 4096 exec/s: 36254 rss: 1452Mb
Done 261066897 runs in 7201 second(s)

FAILURE: Build failed with an exception.

* What went wrong:
Execution failed for task ':test'.
> A build operation failed.
      Could not write XML test results for fuzz.LocalDateTests to file /home/malakhov/kotlinx-fuzz/kotlinx-datetime-fuzzing/build/test-results/test/TEST-fuzz.LocalDateTests.xml.
   > Could not write XML test results for fuzz.LocalDateTests to file /home/malakhov/kotlinx-fuzz/kotlinx-datetime-fuzzing/build/test-results/test/TEST-fuzz.LocalDateTests.xml.

* Try:
> Run with --stacktrace option to get the stack trace.
> Run with --info or --debug option to get more log output.
> Run with --scan to get full insights.
> Get more help at https://help.gradle.org.

BUILD FAILED in 2h 41s
