OpenJDK 64-Bit Server VM warning: Sharing is only supported for boot loader classes because bootstrap classpath has been appended
INFO: found LLVMFuzzerCustomMutator (0x7d04aaf71a00). Disabling -len_control by default.
INFO: Running with entropic power schedule (0xFF, 100).
INFO: Seed: 2949157415
INFO: Loaded 1 modules   (512 inline 8-bit counters): 512 [0x7d052caf1a60, 0x7d052caf1c60), 
INFO: Loaded 1 PC tables (512 PCs): 512 [0x7d052cad3fd0,0x7d052cad5fd0), 
INFO:        0 files found in /home/malakhov/kotlinx-fuzz/kotlinx-datetime-fuzzing/.cifuzz-corpus/fuzz.InstantTests/instantArithmetic
INFO:        0 files found in /home/malakhov/kotlinx-fuzz/kotlinx-datetime-fuzzing/build/resources/test/fuzz/InstantTestsInputs/instantArithmetic
INFO:        0 files found in /tmp/jazzer-java-seeds5849175884371729953
INFO: -max_len is not provided; libFuzzer will not generate inputs larger than 4096 bytes
INFO: A corpus is not provided, starting from an empty corpus
#2	INITED cov: 23 ft: 23 corp: 1/1b exec/s: 0 rss: 1659Mb
#1048576	pulse  cov: 23 ft: 23 corp: 1/1b lim: 4096 exec/s: 349525 rss: 1666Mb
#2097152	pulse  cov: 23 ft: 23 corp: 1/1b lim: 4096 exec/s: 419430 rss: 1666Mb
#4194304	pulse  cov: 23 ft: 23 corp: 1/1b lim: 4096 exec/s: 419430 rss: 1666Mb
#8388608	pulse  cov: 23 ft: 23 corp: 1/1b lim: 4096 exec/s: 419430 rss: 1666Mb
#16777216	pulse  cov: 23 ft: 23 corp: 1/1b lim: 4096 exec/s: 524288 rss: 1666Mb
#33554432	pulse  cov: 23 ft: 23 corp: 1/1b lim: 4096 exec/s: 633102 rss: 1666Mb
#67108864	pulse  cov: 23 ft: 23 corp: 1/1b lim: 4096 exec/s: 780335 rss: 1666Mb
#134217728	pulse  cov: 23 ft: 23 corp: 1/1b lim: 4096 exec/s: 818400 rss: 1679Mb
#268435456	pulse  cov: 23 ft: 23 corp: 1/1b lim: 4096 exec/s: 818400 rss: 1679Mb
#536870912	pulse  cov: 23 ft: 23 corp: 1/1b lim: 4096 exec/s: 850825 rss: 1679Mb
#1073741824	pulse  cov: 23 ft: 23 corp: 1/1b lim: 4096 exec/s: 842150 rss: 1679Mb
#2147483648	pulse  cov: 23 ft: 23 corp: 1/1b lim: 4096 exec/s: 830748 rss: 1679Mb
#4294967296	pulse  cov: 23 ft: 23 corp: 1/1b lim: 4096 exec/s: 825796 rss: 1679Mb
#5909912612	DONE   cov: 23 ft: 23 corp: 1/1b lim: 4096 exec/s: 820707 rss: 1679Mb
Done 5909912612 runs in 7201 second(s)

FAILURE: Build failed with an exception.

* What went wrong:
Execution failed for task ':test'.
> A build operation failed.
      Could not write XML test results for fuzz.InstantTests to file /home/malakhov/kotlinx-fuzz/kotlinx-datetime-fuzzing/build/test-results/test/TEST-fuzz.InstantTests.xml.
   > Could not write XML test results for fuzz.InstantTests to file /home/malakhov/kotlinx-fuzz/kotlinx-datetime-fuzzing/build/test-results/test/TEST-fuzz.InstantTests.xml.

* Try:
> Run with --stacktrace option to get the stack trace.
> Run with --info or --debug option to get more log output.
> Run with --scan to get full insights.
> Get more help at https://help.gradle.org.

BUILD FAILED in 2h 49s
