OpenJDK 64-Bit Server VM warning: Sharing is only supported for boot loader classes because bootstrap classpath has been appended
INFO: found LLVMFuzzerCustomMutator (0x7d752c963a00). Disabling -len_control by default.
INFO: Running with entropic power schedule (0xFF, 100).
INFO: Seed: 2950754987
INFO: Loaded 3 modules   (2048 inline 8-bit counters): 512 [0x7d7560ab6c60, 0x7d7560ab6e60), 512 [0x7d7560ab6e60, 0x7d7560ab7060), 1024 [0x7d7560ab7060, 0x7d7560ab7460), 
INFO: Loaded 3 PC tables (2048 PCs): 512 [0x7d7560a406d0,0x7d7560a426d0), 512 [0x7d7560a1ce40,0x7d7560a1ee40), 1024 [0x7d7560c590c0,0x7d7560c5d0c0), 
INFO:        0 files found in /home/malakhov/kotlinx-fuzz/kotlinx-datetime-fuzzing/.cifuzz-corpus/fuzz.LocalDateTimeTests/parseVsJava
INFO:        0 files found in /home/malakhov/kotlinx-fuzz/kotlinx-datetime-fuzzing/build/resources/test/fuzz/LocalDateTimeTestsInputs/parseVsJava
INFO:        0 files found in /tmp/jazzer-java-seeds17815609397040334131
INFO: -max_len is not provided; libFuzzer will not generate inputs larger than 4096 bytes
INFO: A corpus is not provided, starting from an empty corpus
#2	INITED cov: 11 ft: 11 corp: 1/1b exec/s: 0 rss: 1582Mb
#32768	pulse  cov: 11 ft: 11 corp: 1/1b lim: 325 exec/s: 16384 rss: 1593Mb
#65536	pulse  cov: 11 ft: 11 corp: 1/1b lim: 652 exec/s: 21845 rss: 1593Mb
#131072	pulse  cov: 11 ft: 11 corp: 1/1b lim: 1300 exec/s: 26214 rss: 1593Mb
#262144	pulse  cov: 11 ft: 11 corp: 1/1b lim: 2611 exec/s: 23831 rss: 1593Mb
#524288	pulse  cov: 11 ft: 11 corp: 1/1b lim: 4096 exec/s: 21845 rss: 1593Mb
#1048576	pulse  cov: 11 ft: 11 corp: 1/1b lim: 4096 exec/s: 26886 rss: 1593Mb
#2097152	pulse  cov: 11 ft: 11 corp: 1/1b lim: 4096 exec/s: 29537 rss: 1593Mb
#4194304	pulse  cov: 11 ft: 11 corp: 1/1b lim: 4096 exec/s: 33825 rss: 1593Mb
#8388608	pulse  cov: 11 ft: 11 corp: 1/1b lim: 4096 exec/s: 35696 rss: 1593Mb
#16777216	pulse  cov: 11 ft: 11 corp: 1/1b lim: 4096 exec/s: 35172 rss: 1593Mb
#33554432	pulse  cov: 11 ft: 11 corp: 1/1b lim: 4096 exec/s: 38260 rss: 1593Mb
#67108864	pulse  cov: 11 ft: 11 corp: 1/1b lim: 4096 exec/s: 37407 rss: 1593Mb
#134217728	pulse  cov: 11 ft: 11 corp: 1/1b lim: 4096 exec/s: 36631 rss: 1593Mb
#260252257	DONE   cov: 11 ft: 11 corp: 1/1b lim: 4096 exec/s: 36141 rss: 1593Mb
Done 260252257 runs in 7201 second(s)

FAILURE: Build failed with an exception.

* What went wrong:
Execution failed for task ':test'.
> A build operation failed.
      Could not write XML test results for fuzz.LocalDateTimeTests to file /home/malakhov/kotlinx-fuzz/kotlinx-datetime-fuzzing/build/test-results/test/TEST-fuzz.LocalDateTimeTests.xml.
   > Could not write XML test results for fuzz.LocalDateTimeTests to file /home/malakhov/kotlinx-fuzz/kotlinx-datetime-fuzzing/build/test-results/test/TEST-fuzz.LocalDateTimeTests.xml.

* Try:
> Run with --stacktrace option to get the stack trace.
> Run with --info or --debug option to get more log output.
> Run with --scan to get full insights.
> Get more help at https://help.gradle.org.

BUILD FAILED in 2h 53s
