OpenJDK 64-Bit Server VM warning: Sharing is only supported for boot loader classes because bootstrap classpath has been appended
INFO: found LLVMFuzzerCustomMutator (0x7bfbd2571a00). Disabling -len_control by default.
INFO: Running with entropic power schedule (0xFF, 100).
INFO: Seed: 4288557708
INFO: Loaded 1 modules   (512 inline 8-bit counters): 512 [0x7bfc08ad78a0, 0x7bfc08ad7aa0), 
INFO: Loaded 1 PC tables (512 PCs): 512 [0x7bfc089703f0,0x7bfc089723f0), 
INFO:        0 files found in /home/malakhov/kotlinx-fuzz/kotlinx-datetime-fuzzing/.cifuzz-corpus/fuzz.TimeZoneTests/parseCheckExceptions
INFO:        0 files found in /home/malakhov/kotlinx-fuzz/kotlinx-datetime-fuzzing/build/resources/test/fuzz/TimeZoneTestsInputs/parseCheckExceptions
INFO:        0 files found in /tmp/jazzer-java-seeds18203385049159322298
INFO: -max_len is not provided; libFuzzer will not generate inputs larger than 4096 bytes
INFO: A corpus is not provided, starting from an empty corpus
#2	INITED cov: 6 ft: 6 corp: 1/1b exec/s: 0 rss: 1584Mb
#1294	NEW    cov: 19 ft: 19 corp: 2/3b lim: 14 exec/s: 0 rss: 1594Mb L: 2/2 MS: 4 ChangeByte-Custom-InsertByte-Custom-
#131072	pulse  cov: 19 ft: 19 corp: 2/3b lim: 1300 exec/s: 65536 rss: 1699Mb
#131578	NEW    cov: 25 ft: 25 corp: 3/5b lim: 1300 exec/s: 65789 rss: 1699Mb L: 2/2 MS: 8 ChangeBit-Custom-CopyPart-Custom-ChangeByte-Custom-ChangeByte-Custom-
#262144	pulse  cov: 25 ft: 25 corp: 3/5b lim: 2589 exec/s: 65536 rss: 1723Mb
#524288	pulse  cov: 25 ft: 25 corp: 3/5b lim: 4096 exec/s: 65536 rss: 1723Mb
#1048576	pulse  cov: 25 ft: 25 corp: 3/5b lim: 4096 exec/s: 69905 rss: 1723Mb
#2097152	pulse  cov: 25 ft: 25 corp: 3/5b lim: 4096 exec/s: 65536 rss: 1723Mb
#3238892	NEW    cov: 27 ft: 27 corp: 4/7b lim: 4096 exec/s: 58888 rss: 1728Mb L: 2/2 MS: 8 ChangeBinInt-Custom-ChangeBit-Custom-ChangeBit-Custom-ChangeBit-Custom-
#4194304	pulse  cov: 27 ft: 27 corp: 4/7b lim: 4096 exec/s: 58254 rss: 1729Mb
#8388608	pulse  cov: 27 ft: 27 corp: 4/7b lim: 4096 exec/s: 53430 rss: 1729Mb
#16777216	pulse  cov: 27 ft: 27 corp: 4/7b lim: 4096 exec/s: 52103 rss: 1729Mb
#33554432	pulse  cov: 27 ft: 27 corp: 4/7b lim: 4096 exec/s: 50994 rss: 1729Mb
#67108864	pulse  cov: 27 ft: 27 corp: 4/7b lim: 4096 exec/s: 48454 rss: 1729Mb
#134217728	pulse  cov: 27 ft: 27 corp: 4/7b lim: 4096 exec/s: 46075 rss: 1730Mb
#268435456	pulse  cov: 27 ft: 27 corp: 4/7b lim: 4096 exec/s: 44020 rss: 1730Mb
#311662382	DONE   cov: 27 ft: 27 corp: 4/7b lim: 4096 exec/s: 43280 rss: 1730Mb
Done 311662382 runs in 7201 second(s)

FAILURE: Build failed with an exception.

* What went wrong:
Execution failed for task ':test'.
> A build operation failed.
      Could not write XML test results for fuzz.TimeZoneTests to file /home/malakhov/kotlinx-fuzz/kotlinx-datetime-fuzzing/build/test-results/test/TEST-fuzz.TimeZoneTests.xml.
   > Could not write XML test results for fuzz.TimeZoneTests to file /home/malakhov/kotlinx-fuzz/kotlinx-datetime-fuzzing/build/test-results/test/TEST-fuzz.TimeZoneTests.xml.

* Try:
> Run with --stacktrace option to get the stack trace.
> Run with --info or --debug option to get more log output.
> Run with --scan to get full insights.
> Get more help at https://help.gradle.org.

BUILD FAILED in 2h 50s
