OpenJDK 64-Bit Server VM warning: Sharing is only supported for boot loader classes because bootstrap classpath has been appended
INFO: found LLVMFuzzerCustomMutator (0x7f1d01d71a00). Disabling -len_control by default.
INFO: Running with entropic power schedule (0xFF, 100).
INFO: Seed: 2985957872
INFO: Loaded 2 modules   (1024 inline 8-bit counters): 512 [0x7f1d38b99810, 0x7f1d38b99a10), 512 [0x7f1d38b99a10, 0x7f1d38b99c10), 
INFO: Loaded 2 PC tables (1024 PCs): 512 [0x7f1d38b230a0,0x7f1d38b250a0), 512 [0x7f1d38cf7270,0x7f1d38cf9270), 
INFO:        0 files found in /home/malakhov/kotlinx-fuzz/kotlinx-datetime-fuzzing/.cifuzz-corpus/fuzz.LocalDateTests/periodUntilNonNegativeVsJava
INFO:        0 files found in /home/malakhov/kotlinx-fuzz/kotlinx-datetime-fuzzing/build/resources/test/fuzz/LocalDateTestsInputs/periodUntilNonNegativeVsJava
INFO:        0 files found in /tmp/jazzer-java-seeds15059833660767740548
INFO: -max_len is not provided; libFuzzer will not generate inputs larger than 4096 bytes
INFO: A corpus is not provided, starting from an empty corpus
#2	INITED cov: 36 ft: 36 corp: 1/1b exec/s: 0 rss: 1203Mb
#2097152	pulse  cov: 36 ft: 36 corp: 1/1b lim: 4096 exec/s: 1048576 rss: 1295Mb
#4194304	pulse  cov: 36 ft: 36 corp: 1/1b lim: 4096 exec/s: 699050 rss: 1296Mb
#8388608	pulse  cov: 36 ft: 36 corp: 1/1b lim: 4096 exec/s: 599186 rss: 1296Mb
#16777216	pulse  cov: 36 ft: 36 corp: 1/1b lim: 4096 exec/s: 599186 rss: 1298Mb
#33554432	pulse  cov: 36 ft: 36 corp: 1/1b lim: 4096 exec/s: 610080 rss: 1299Mb
#67108864	pulse  cov: 36 ft: 36 corp: 1/1b lim: 4096 exec/s: 599186 rss: 1325Mb
#134217728	pulse  cov: 36 ft: 36 corp: 1/1b lim: 4096 exec/s: 636102 rss: 1325Mb
#268435456	pulse  cov: 36 ft: 36 corp: 1/1b lim: 4096 exec/s: 595200 rss: 1325Mb
#536870912	pulse  cov: 36 ft: 36 corp: 1/1b lim: 4096 exec/s: 616384 rss: 1325Mb
#1073741824	pulse  cov: 36 ft: 36 corp: 1/1b lim: 4096 exec/s: 588997 rss: 1325Mb
#2147483648	pulse  cov: 36 ft: 36 corp: 1/1b lim: 4096 exec/s: 583555 rss: 1325Mb
#4157706867	DONE   cov: 36 ft: 36 corp: 1/1b lim: 4096 exec/s: 577379 rss: 1325Mb
Done 4157706867 runs in 7201 second(s)

FAILURE: Build failed with an exception.

* What went wrong:
Execution failed for task ':test'.
> Cannot access output property 'binaryResultsDirectory' of task ':test'. Accessing unreadable inputs or outputs is not supported. Declare the task as untracked by using Task.doNotTrackState(). For more information, please refer to https://docs.gradle.org/8.8/userguide/incremental_build.html#sec:disable-state-tracking in the Gradle documentation.
   > java.nio.file.NoSuchFileException: /home/malakhov/kotlinx-fuzz/kotlinx-datetime-fuzzing/build/test-results/test/binary/results.bin

* Try:
> Run with --stacktrace option to get the stack trace.
> Run with --info or --debug option to get more log output.
> Run with --scan to get full insights.
> Get more help at https://help.gradle.org.

BUILD FAILED in 2h 13s
