OpenJDK 64-Bit Server VM warning: Sharing is only supported for boot loader classes because bootstrap classpath has been appended
INFO: found LLVMFuzzerCustomMutator (0x76e9c0171a00). Disabling -len_control by default.
INFO: Running with entropic power schedule (0xFF, 100).
INFO: Seed: 2905884239
INFO: Loaded 1 modules   (512 inline 8-bit counters): 512 [0x76e9f4b96870, 0x76e9f4b96a70), 
INFO: Loaded 1 PC tables (512 PCs): 512 [0x76e9f48cf930,0x76e9f48d1930), 
INFO:        0 files found in /home/malakhov/kotlinx-fuzz/kotlinx-datetime-fuzzing/.cifuzz-corpus/fuzz.InstantTests/diffNoNanos
INFO:        0 files found in /home/malakhov/kotlinx-fuzz/kotlinx-datetime-fuzzing/build/resources/test/fuzz/InstantTestsInputs/diffNoNanos
INFO:        0 files found in /tmp/jazzer-java-seeds13044080119181450116
INFO: -max_len is not provided; libFuzzer will not generate inputs larger than 4096 bytes
INFO: A corpus is not provided, starting from an empty corpus
#2	INITED cov: 12 ft: 12 corp: 1/1b exec/s: 0 rss: 1428Mb
#262144	pulse  cov: 12 ft: 12 corp: 1/1b lim: 2611 exec/s: 131072 rss: 1430Mb
#524288	pulse  cov: 12 ft: 12 corp: 1/1b lim: 4096 exec/s: 131072 rss: 1430Mb
#1048576	pulse  cov: 12 ft: 12 corp: 1/1b lim: 4096 exec/s: 95325 rss: 1430Mb
#2097152	pulse  cov: 12 ft: 12 corp: 1/1b lim: 4096 exec/s: 91180 rss: 1430Mb
#4194304	pulse  cov: 12 ft: 12 corp: 1/1b lim: 4096 exec/s: 91180 rss: 1430Mb
#8388608	pulse  cov: 12 ft: 12 corp: 1/1b lim: 4096 exec/s: 98689 rss: 1430Mb
#16777216	pulse  cov: 12 ft: 12 corp: 1/1b lim: 4096 exec/s: 128070 rss: 1432Mb
#33554432	pulse  cov: 12 ft: 12 corp: 1/1b lim: 4096 exec/s: 136400 rss: 1432Mb
#67108864	pulse  cov: 12 ft: 12 corp: 1/1b lim: 4096 exec/s: 141579 rss: 1432Mb
#134217728	pulse  cov: 12 ft: 12 corp: 1/1b lim: 4096 exec/s: 156430 rss: 1432Mb
#268435456	pulse  cov: 12 ft: 12 corp: 1/1b lim: 4096 exec/s: 153831 rss: 1432Mb
#536870912	pulse  cov: 12 ft: 12 corp: 1/1b lim: 4096 exec/s: 149922 rss: 1432Mb
#1064741017	DONE   cov: 12 ft: 12 corp: 1/1b lim: 4096 exec/s: 147860 rss: 1432Mb
Done 1064741017 runs in 7201 second(s)

FAILURE: Build failed with an exception.

* What went wrong:
Execution failed for task ':test'.
> A build operation failed.
      Could not write XML test results for fuzz.InstantTests to file /home/malakhov/kotlinx-fuzz/kotlinx-datetime-fuzzing/build/test-results/test/TEST-fuzz.InstantTests.xml.
   > Could not write XML test results for fuzz.InstantTests to file /home/malakhov/kotlinx-fuzz/kotlinx-datetime-fuzzing/build/test-results/test/TEST-fuzz.InstantTests.xml.

* Try:
> Run with --stacktrace option to get the stack trace.
> Run with --info or --debug option to get more log output.
> Run with --scan to get full insights.
> Get more help at https://help.gradle.org.

BUILD FAILED in 2h 27s
