OpenJDK 64-Bit Server VM warning: Sharing is only supported for boot loader classes because bootstrap classpath has been appended
INFO: found LLVMFuzzerCustomMutator (0x7e6f86c70a00). Disabling -len_control by default.
INFO: Running with entropic power schedule (0xFF, 100).
INFO: Seed: 1583588454
INFO: Loaded 1 modules   (512 inline 8-bit counters): 512 [0x7e7008b2f070, 0x7e7008b2f270), 
INFO: Loaded 1 PC tables (512 PCs): 512 [0x7e7008ab8650,0x7e7008aba650), 
INFO:        0 files found in /home/malakhov/kotlinx-fuzz/kotlinx-datetime-fuzzing/.cifuzz-corpus/fuzz.LocalDateTimeTests/convertToInstant
INFO:        0 files found in /home/malakhov/kotlinx-fuzz/kotlinx-datetime-fuzzing/src/test/resources/fuzz/LocalDateTimeTestsInputs/convertToInstant
INFO:        0 files found in /tmp/jazzer-java-seeds14134843893579037996
INFO: -max_len is not provided; libFuzzer will not generate inputs larger than 4096 bytes
INFO: A corpus is not provided, starting from an empty corpus
#2	INITED cov: 34 ft: 34 corp: 1/1b exec/s: 0 rss: 1680Mb
MS: 10 ChangeBit-Custom-ChangeBit-Custom-CopyPart-Custom-ChangeBinInt-Custom-InsertRepeatedBytes-Custom-; base unit: adc83b19e793491b1c6ea0fd8b46cd9f32e592fc
0xf6,0xec,0x7a,0x7a,0x7a,0x7a,0x7a,0x7a,0x7a,0x7a,0x7a,0x7a,
\366\354zzzzzzzzzz
artifact_prefix='/home/malakhov/kotlinx-fuzz/kotlinx-datetime-fuzzing/src/test/resources/fuzz/LocalDateTimeTestsInputs/convertToInstant/'; Test unit written to /home/malakhov/kotlinx-fuzz/kotlinx-datetime-fuzzing/src/test/resources/fuzz/LocalDateTimeTestsInputs/convertToInstant/crash-6bc90b1b41b22a155cccdd5898405b28e30f4d1c
Base64: 9ux6enp6enp6enp6
#530097	NEW    cov: 37 ft: 37 corp: 2/13b lim: 4096 exec/s: 530097 rss: 1683Mb L: 12/12 MS: 10 ChangeBit-Custom-ChangeBit-Custom-CopyPart-Custom-ChangeBinInt-Custom-InsertRepeatedBytes-Custom-
#1048576	pulse  cov: 37 ft: 37 corp: 2/13b lim: 4096 exec/s: 349525 rss: 1697Mb
#2097152	pulse  cov: 37 ft: 37 corp: 2/13b lim: 4096 exec/s: 299593 rss: 1699Mb
#4194304	pulse  cov: 37 ft: 37 corp: 2/13b lim: 4096 exec/s: 279620 rss: 1699Mb
#8388608	pulse  cov: 37 ft: 37 corp: 2/13b lim: 4096 exec/s: 239674 rss: 1699Mb
#16777216	pulse  cov: 37 ft: 37 corp: 2/13b lim: 4096 exec/s: 266305 rss: 1699Mb
#33554432	pulse  cov: 37 ft: 37 corp: 2/13b lim: 4096 exec/s: 281970 rss: 1709Mb
#67108864	pulse  cov: 37 ft: 37 corp: 2/13b lim: 4096 exec/s: 328965 rss: 1709Mb
#134217728	pulse  cov: 37 ft: 37 corp: 2/13b lim: 4096 exec/s: 349525 rss: 1709Mb
#268435456	pulse  cov: 37 ft: 37 corp: 2/13b lim: 4096 exec/s: 358870 rss: 1709Mb
#536870912	pulse  cov: 37 ft: 37 corp: 2/13b lim: 4096 exec/s: 366965 rss: 1709Mb
#1073741824	pulse  cov: 37 ft: 37 corp: 2/13b lim: 4096 exec/s: 372180 rss: 1709Mb
#2147483648	pulse  cov: 37 ft: 37 corp: 2/13b lim: 4096 exec/s: 375828 rss: 1709Mb
#2706465712	DONE   cov: 37 ft: 37 corp: 2/13b lim: 4096 exec/s: 375845 rss: 1709Mb
Done 2706465712 runs in 7201 second(s)

FAILURE: Build failed with an exception.

* What went wrong:
Execution failed for task ':test'.
> A build operation failed.
      Could not write XML test results for fuzz.LocalDateTimeTests to file /home/malakhov/kotlinx-fuzz/kotlinx-datetime-fuzzing/build/test-results/test/TEST-fuzz.LocalDateTimeTests.xml.
   > Could not write XML test results for fuzz.LocalDateTimeTests to file /home/malakhov/kotlinx-fuzz/kotlinx-datetime-fuzzing/build/test-results/test/TEST-fuzz.LocalDateTimeTests.xml.

* Try:
> Run with --stacktrace option to get the stack trace.
> Run with --info or --debug option to get more log output.
> Run with --scan to get full insights.
> Get more help at https://help.gradle.org.

BUILD FAILED in 2h 27s
