OpenJDK 64-Bit Server VM warning: Sharing is only supported for boot loader classes because bootstrap classpath has been appended
INFO: found LLVMFuzzerCustomMutator (0x724e8db70a00). Disabling -len_control by default.
INFO: Running with entropic power schedule (0xFF, 100).
INFO: Seed: 2939777076
INFO: Loaded 1 modules   (512 inline 8-bit counters): 512 [0x724ec0a92510, 0x724ec0a92710), 
INFO: Loaded 1 PC tables (512 PCs): 512 [0x724ec0a0d5f0,0x724ec0a0f5f0), 
INFO:        0 files found in /home/malakhov/kotlinx-fuzz/kotlinx-datetime-fuzzing/.cifuzz-corpus/fuzz.DurationTests/parseCheckExceptions
INFO:        0 files found in /home/malakhov/kotlinx-fuzz/kotlinx-datetime-fuzzing/build/resources/test/fuzz/DurationTestsInputs/parseCheckExceptions
INFO:        0 files found in /tmp/jazzer-java-seeds9511947715002232714
INFO: -max_len is not provided; libFuzzer will not generate inputs larger than 4096 bytes
INFO: A corpus is not provided, starting from an empty corpus
#2	INITED exec/s: 0 rss: 1613Mb
WARNING: no interesting inputs were found so far. Is the code instrumented for coverage?
This may also happen if the target rejected all inputs we tried so far
#65536	pulse  corp: 1/1b lim: 652 exec/s: 32768 rss: 1618Mb
#131072	pulse  corp: 1/1b lim: 1300 exec/s: 32768 rss: 1618Mb
#262144	pulse  corp: 1/1b lim: 2611 exec/s: 37449 rss: 1618Mb
#524288	pulse  corp: 1/1b lim: 4096 exec/s: 30840 rss: 1618Mb
#1048576	pulse  corp: 1/1b lim: 4096 exec/s: 29959 rss: 1618Mb
#2097152	pulse  corp: 1/1b lim: 4096 exec/s: 37449 rss: 1638Mb
#4194304	pulse  corp: 1/1b lim: 4096 exec/s: 45100 rss: 1638Mb
#8388608	pulse  corp: 1/1b lim: 4096 exec/s: 48489 rss: 1640Mb
#16777216	pulse  corp: 1/1b lim: 4096 exec/s: 53261 rss: 1643Mb
#33554432	pulse  corp: 1/1b lim: 4096 exec/s: 55370 rss: 1643Mb
#67108864	pulse  corp: 1/1b lim: 4096 exec/s: 56679 rss: 1643Mb
#134217728	pulse  corp: 1/1b lim: 4096 exec/s: 56299 rss: 1643Mb
#268435456	pulse  corp: 1/1b lim: 4096 exec/s: 56240 rss: 1643Mb
#402206202	DONE   corp: 1/1b lim: 4096 exec/s: 55854 rss: 1643Mb
Done 402206202 runs in 7201 second(s)

FAILURE: Build failed with an exception.

* What went wrong:
Execution failed for task ':test'.
> A build operation failed.
      Could not write XML test results for fuzz.DurationTests to file /home/malakhov/kotlinx-fuzz/kotlinx-datetime-fuzzing/build/test-results/test/TEST-fuzz.DurationTests.xml.
   > Could not write XML test results for fuzz.DurationTests to file /home/malakhov/kotlinx-fuzz/kotlinx-datetime-fuzzing/build/test-results/test/TEST-fuzz.DurationTests.xml.

* Try:
> Run with --stacktrace option to get the stack trace.
> Run with --info or --debug option to get more log output.
> Run with --scan to get full insights.
> Get more help at https://help.gradle.org.

BUILD FAILED in 2h 44s
