OpenJDK 64-Bit Server VM warning: Sharing is only supported for boot loader classes because bootstrap classpath has been appended
INFO: found LLVMFuzzerCustomMutator (0x74b70c571a00). Disabling -len_control by default.
INFO: Running with entropic power schedule (0xFF, 100).
INFO: Seed: 4279123414
INFO: Loaded 2 modules   (1024 inline 8-bit counters): 512 [0x74b740c6ab70, 0x74b740c6ad70), 512 [0x74b740c6ad70, 0x74b740c6af70), 
INFO: Loaded 2 PC tables (1024 PCs): 512 [0x74b740c5bf60,0x74b740c5df60), 512 [0x74b740dbac60,0x74b740dbcc60), 
INFO:        0 files found in /home/malakhov/kotlinx-fuzz/kotlinx-datetime-fuzzing/.cifuzz-corpus/fuzz.InstantTests/diffVsJavaDiff
INFO:        0 files found in /home/malakhov/kotlinx-fuzz/kotlinx-datetime-fuzzing/build/resources/test/fuzz/InstantTestsInputs/diffVsJavaDiff
INFO:        0 files found in /tmp/jazzer-java-seeds2094614551181846310
INFO: -max_len is not provided; libFuzzer will not generate inputs larger than 4096 bytes
INFO: A corpus is not provided, starting from an empty corpus
#2	INITED cov: 29 ft: 29 corp: 1/1b exec/s: 0 rss: 1678Mb
#55	NEW    cov: 31 ft: 31 corp: 2/2b lim: 4 exec/s: 0 rss: 1678Mb L: 1/1 MS: 6 ChangeBit-Custom-InsertByte-Custom-EraseBytes-Custom-
#268	NEW    cov: 33 ft: 33 corp: 3/7b lim: 6 exec/s: 0 rss: 1678Mb L: 5/5 MS: 6 ChangeByte-Custom-InsertByte-Custom-InsertRepeatedBytes-Custom-
#779	NEW    cov: 34 ft: 34 corp: 4/18b lim: 11 exec/s: 0 rss: 1678Mb L: 11/11 MS: 2 InsertRepeatedBytes-Custom-
#909	REDUCE cov: 34 ft: 34 corp: 4/17b lim: 11 exec/s: 0 rss: 1678Mb L: 10/10 MS: 10 ChangeByte-Custom-ChangeBit-Custom-CopyPart-Custom-CopyPart-Custom-EraseBytes-Custom-
#1351	NEW    cov: 35 ft: 35 corp: 5/29b lim: 14 exec/s: 0 rss: 1678Mb L: 12/12 MS: 4 CopyPart-Custom-InsertRepeatedBytes-Custom-
#1362	NEW    cov: 36 ft: 36 corp: 6/41b lim: 14 exec/s: 0 rss: 1678Mb L: 12/12 MS: 2 ChangeBit-Custom-
#1848	REDUCE cov: 36 ft: 36 corp: 6/40b lim: 17 exec/s: 0 rss: 1678Mb L: 11/12 MS: 2 EraseBytes-Custom-
#2710	REDUCE cov: 36 ft: 36 corp: 6/39b lim: 25 exec/s: 0 rss: 1678Mb L: 11/11 MS: 4 CopyPart-Custom-EraseBytes-Custom-
#2097152	pulse  cov: 36 ft: 36 corp: 6/39b lim: 4096 exec/s: 1048576 rss: 1681Mb
#4194304	pulse  cov: 36 ft: 36 corp: 6/39b lim: 4096 exec/s: 699050 rss: 1681Mb
#8388608	pulse  cov: 36 ft: 36 corp: 6/39b lim: 4096 exec/s: 699050 rss: 1681Mb
#16777216	pulse  cov: 36 ft: 36 corp: 6/39b lim: 4096 exec/s: 838860 rss: 1681Mb
#33554432	pulse  cov: 36 ft: 36 corp: 6/39b lim: 4096 exec/s: 798915 rss: 1681Mb
#67108864	pulse  cov: 36 ft: 36 corp: 6/39b lim: 4096 exec/s: 737460 rss: 1681Mb
#134217728	pulse  cov: 36 ft: 36 corp: 6/39b lim: 4096 exec/s: 695428 rss: 1691Mb
#268435456	pulse  cov: 36 ft: 36 corp: 6/39b lim: 4096 exec/s: 688296 rss: 1691Mb
#536870912	pulse  cov: 36 ft: 36 corp: 6/39b lim: 4096 exec/s: 672770 rss: 1691Mb
#1073741824	pulse  cov: 36 ft: 36 corp: 6/39b lim: 4096 exec/s: 649178 rss: 1691Mb
#2147483648	pulse  cov: 36 ft: 36 corp: 6/39b lim: 4096 exec/s: 612167 rss: 1691Mb
#4209788775	DONE   cov: 36 ft: 36 corp: 6/39b lim: 4096 exec/s: 584611 rss: 1691Mb
Done 4209788775 runs in 7201 second(s)

FAILURE: Build failed with an exception.

* What went wrong:
Execution failed for task ':test'.
> A build operation failed.
      Could not write XML test results for fuzz.InstantTests to file /home/malakhov/kotlinx-fuzz/kotlinx-datetime-fuzzing/build/test-results/test/TEST-fuzz.InstantTests.xml.
   > Could not write XML test results for fuzz.InstantTests to file /home/malakhov/kotlinx-fuzz/kotlinx-datetime-fuzzing/build/test-results/test/TEST-fuzz.InstantTests.xml.

* Try:
> Run with --stacktrace option to get the stack trace.
> Run with --info or --debug option to get more log output.
> Run with --scan to get full insights.
> Get more help at https://help.gradle.org.

BUILD FAILED in 2h 41s
