OpenJDK 64-Bit Server VM warning: Sharing is only supported for boot loader classes because bootstrap classpath has been appended
INFO: found LLVMFuzzerCustomMutator (0x79d696771a00). Disabling -len_control by default.
INFO: Running with entropic power schedule (0xFF, 100).
INFO: Seed: 3017943294
INFO: Loaded 1 modules   (512 inline 8-bit counters): 512 [0x79d718b40330, 0x79d718b40530), 
INFO: Loaded 1 PC tables (512 PCs): 512 [0x79d718b1ada0,0x79d718b1cda0), 
INFO:        0 files found in /home/malakhov/kotlinx-fuzz/kotlinx-datetime-fuzzing/.cifuzz-corpus/fuzz.TimeZoneTests/parseVsJava
INFO:        0 files found in /home/malakhov/kotlinx-fuzz/kotlinx-datetime-fuzzing/build/resources/test/fuzz/TimeZoneTestsInputs/parseVsJava
INFO:        0 files found in /tmp/jazzer-java-seeds371383484264963149
INFO: -max_len is not provided; libFuzzer will not generate inputs larger than 4096 bytes
INFO: A corpus is not provided, starting from an empty corpus
#2	INITED cov: 6 ft: 6 corp: 1/1b exec/s: 0 rss: 1429Mb
#2357	NEW    cov: 25 ft: 25 corp: 2/3b lim: 25 exec/s: 0 rss: 1430Mb L: 2/2 MS: 10 ChangeByte-Custom-InsertByte-Custom-ChangeBinInt-Custom-ChangeByte-Custom-ChangeByte-Custom-
#12208	NEW    cov: 31 ft: 31 corp: 3/6b lim: 122 exec/s: 0 rss: 1431Mb L: 3/3 MS: 2 InsertByte-Custom-
#12409	REDUCE cov: 31 ft: 31 corp: 3/5b lim: 122 exec/s: 0 rss: 1431Mb L: 2/2 MS: 2 EraseBytes-Custom-
#131072	pulse  cov: 31 ft: 31 corp: 3/5b lim: 1300 exec/s: 65536 rss: 1432Mb
#262144	pulse  cov: 31 ft: 31 corp: 3/5b lim: 2600 exec/s: 65536 rss: 1432Mb
#524288	pulse  cov: 31 ft: 31 corp: 3/5b lim: 4096 exec/s: 52428 rss: 1432Mb
#1048576	pulse  cov: 31 ft: 31 corp: 3/5b lim: 4096 exec/s: 49932 rss: 1432Mb
#2097152	pulse  cov: 31 ft: 31 corp: 3/5b lim: 4096 exec/s: 45590 rss: 1436Mb
#2420436	REDUCE cov: 33 ft: 33 corp: 4/7b lim: 4096 exec/s: 42463 rss: 1436Mb L: 2/2 MS: 4 ChangeBinInt-Custom-ChangeBinInt-Custom-
#4194304	pulse  cov: 33 ft: 33 corp: 4/7b lim: 4096 exec/s: 39199 rss: 1437Mb
#8388608	pulse  cov: 33 ft: 33 corp: 4/7b lim: 4096 exec/s: 40136 rss: 1437Mb
#16777216	pulse  cov: 33 ft: 33 corp: 4/7b lim: 4096 exec/s: 40329 rss: 1437Mb
#33554432	pulse  cov: 33 ft: 33 corp: 4/7b lim: 4096 exec/s: 42473 rss: 1437Mb
#67108864	pulse  cov: 33 ft: 33 corp: 4/7b lim: 4096 exec/s: 40920 rss: 1438Mb
#134217728	pulse  cov: 33 ft: 33 corp: 4/7b lim: 4096 exec/s: 39969 rss: 1438Mb
#268435456	pulse  cov: 33 ft: 33 corp: 4/7b lim: 4096 exec/s: 39107 rss: 1438Mb
#280521836	DONE   cov: 33 ft: 33 corp: 4/7b lim: 4096 exec/s: 38955 rss: 1438Mb
Done 280521836 runs in 7201 second(s)

FAILURE: Build failed with an exception.

* What went wrong:
Execution failed for task ':test'.
> A build operation failed.
      Could not write XML test results for fuzz.TimeZoneTests to file /home/malakhov/kotlinx-fuzz/kotlinx-datetime-fuzzing/build/test-results/test/TEST-fuzz.TimeZoneTests.xml.
   > Could not write XML test results for fuzz.TimeZoneTests to file /home/malakhov/kotlinx-fuzz/kotlinx-datetime-fuzzing/build/test-results/test/TEST-fuzz.TimeZoneTests.xml.

* Try:
> Run with --stacktrace option to get the stack trace.
> Run with --info or --debug option to get more log output.
> Run with --scan to get full insights.
> Get more help at https://help.gradle.org.

BUILD FAILED in 2h 10s
