OpenJDK 64-Bit Server VM warning: Sharing is only supported for boot loader classes because bootstrap classpath has been appended
INFO: found LLVMFuzzerCustomMutator (0x727cbda70a00). Disabling -len_control by default.
INFO: Running with entropic power schedule (0xFF, 100).
INFO: Seed: 2946362052
INFO: Loaded 1 modules   (512 inline 8-bit counters): 512 [0x727cf4b14900, 0x727cf4b14b00), 
INFO: Loaded 1 PC tables (512 PCs): 512 [0x727cf478e5a0,0x727cf47905a0), 
INFO:        0 files found in /home/malakhov/kotlinx-fuzz/kotlinx-datetime-fuzzing/.cifuzz-corpus/fuzz.InstantTests/fromSecondsVsJava
INFO:        0 files found in /home/malakhov/kotlinx-fuzz/kotlinx-datetime-fuzzing/build/resources/test/fuzz/InstantTestsInputs/fromSecondsVsJava
INFO:        0 files found in /tmp/jazzer-java-seeds518071210197020442
INFO: -max_len is not provided; libFuzzer will not generate inputs larger than 4096 bytes
INFO: A corpus is not provided, starting from an empty corpus
#2	INITED cov: 13 ft: 13 corp: 1/1b exec/s: 0 rss: 1535Mb
#1048576	pulse  cov: 13 ft: 13 corp: 1/1b lim: 4096 exec/s: 524288 rss: 1571Mb
#2097152	pulse  cov: 13 ft: 13 corp: 1/1b lim: 4096 exec/s: 699050 rss: 1635Mb
#4194304	pulse  cov: 13 ft: 13 corp: 1/1b lim: 4096 exec/s: 599186 rss: 1682Mb
#8388608	pulse  cov: 13 ft: 13 corp: 1/1b lim: 4096 exec/s: 559240 rss: 1682Mb
#16777216	pulse  cov: 13 ft: 13 corp: 1/1b lim: 4096 exec/s: 578524 rss: 1717Mb
#33554432	pulse  cov: 13 ft: 13 corp: 1/1b lim: 4096 exec/s: 745654 rss: 1723Mb
#67108864	pulse  cov: 13 ft: 13 corp: 1/1b lim: 4096 exec/s: 883011 rss: 1723Mb
#134217728	pulse  cov: 13 ft: 13 corp: 1/1b lim: 4096 exec/s: 965595 rss: 1723Mb
#268435456	pulse  cov: 13 ft: 13 corp: 1/1b lim: 4096 exec/s: 1032444 rss: 1744Mb
#536870912	pulse  cov: 13 ft: 13 corp: 1/1b lim: 4096 exec/s: 1065220 rss: 1745Mb
#1073741824	pulse  cov: 13 ft: 13 corp: 1/1b lim: 4096 exec/s: 1112685 rss: 1745Mb
#2147483648	pulse  cov: 13 ft: 13 corp: 1/1b lim: 4096 exec/s: 1105241 rss: 1745Mb
#4294967296	pulse  cov: 13 ft: 13 corp: 1/1b lim: 4096 exec/s: 1095375 rss: 1745Mb
#7760126902	DONE   cov: 13 ft: 13 corp: 1/1b lim: 4096 exec/s: 1077645 rss: 1745Mb
Done 7760126902 runs in 7201 second(s)

FAILURE: Build failed with an exception.

* What went wrong:
Execution failed for task ':test'.
> A build operation failed.
      Could not write XML test results for fuzz.InstantTests to file /home/malakhov/kotlinx-fuzz/kotlinx-datetime-fuzzing/build/test-results/test/TEST-fuzz.InstantTests.xml.
   > Could not write XML test results for fuzz.InstantTests to file /home/malakhov/kotlinx-fuzz/kotlinx-datetime-fuzzing/build/test-results/test/TEST-fuzz.InstantTests.xml.

* Try:
> Run with --stacktrace option to get the stack trace.
> Run with --info or --debug option to get more log output.
> Run with --scan to get full insights.
> Get more help at https://help.gradle.org.

BUILD FAILED in 2h 52s
